@!@!@STARTMSG 2262:0 @!@!@
Created by Apalache on Wed May 18 11:06:20 UTC 2022
@!@!@ENDMSG 2262 @!@!@
@!@!@STARTMSG 2110:1 @!@!@
Invariant is violated.
@!@!@ENDMSG 2110 @!@!@
@!@!@STARTMSG 2121:1 @!@!@
The behavior up to this point is:
@!@!@ENDMSG 2121 @!@!@
@!@!@STARTMSG 2217:4 @!@!@
1: <Initial predicate>
/\ Proposer = SetAsFun({ <<0, "f4">>, <<1, "f4">>, <<2, "f4">>, <<3, "f4">> })
/\ action = "Init"
/\ beginRound = SetAsFun({ <<<<0, "c1">>, 3>>,
  <<<<2, "c1">>, 7>>,
  <<<<1, "c1">>, 7>>,
  <<<<2, "c2">>, 7>>,
  <<<<1, "c2">>, 7>>,
  <<<<3, "c2">>, 7>>,
  <<<<0, "c2">>, 2>>,
  <<<<3, "c1">>, 7>> })
/\ decision = SetAsFun({ <<"c1", <<<<"None", -1, -1>>, -1>>>>,
  <<"c2", <<<<"None", -1, -1>>, -1>>>> })
/\ evidence = {}
/\ localClock = SetAsFun({ <<"c1", 3>>, <<"c2", 2>> })
/\ lockedRound = SetAsFun({ <<"c1", -1>>, <<"c2", -1>> })
/\ lockedValue = SetAsFun({ <<"c1", "None">>, <<"c2", "None">> })
/\ msgsPrecommit = SetAsFun({ <<
    0, { [id |-> <<"v0", 3, 0>>,
        round |-> 0,
        src |-> "f3",
        type |-> "PRECOMMIT"],
      [id |-> <<"v0", 3, 0>>, round |-> 0, src |-> "f4", type |-> "PRECOMMIT"],
      [id |-> <<"v1", 2, 0>>, round |-> 0, src |-> "f3", type |-> "PRECOMMIT"],
      [id |-> <<"v1", 2, 0>>, round |-> 0, src |-> "f4", type |-> "PRECOMMIT"] }
  >>,
  <<1, {}>>,
  <<
    2, {[id |-> <<"v2", 3, 2>>, round |-> 2, src |-> "f3", type |-> "PRECOMMIT"]}
  >>,
  <<
    3, {[id |-> <<"v2", 7, 3>>, round |-> 3, src |-> "f4", type |-> "PRECOMMIT"]}
  >> })
/\ msgsPrevote = SetAsFun({ <<
    0, { [id |-> <<"v0", 3, 0>>, round |-> 0, src |-> "f3", type |-> "PREVOTE"],
      [id |-> <<"v0", 3, 0>>, round |-> 0, src |-> "f4", type |-> "PREVOTE"],
      [id |-> <<"v1", 2, 0>>, round |-> 0, src |-> "f3", type |-> "PREVOTE"],
      [id |-> <<"v1", 2, 0>>, round |-> 0, src |-> "f4", type |-> "PREVOTE"] }
  >>,
  <<1, {}>>,
  <<2, {}>>,
  <<3, {}>> })
/\ msgsPropose = SetAsFun({ <<
    0, { [proposal |-> <<"v0", 3, 0>>,
        round |-> 0,
        src |-> "f4",
        type |-> "PROPOSAL",
        validRound |-> 2],
      [proposal |-> <<"v1", 2, 0>>,
        round |-> 0,
        src |-> "f4",
        type |-> "PROPOSAL",
        validRound |-> -1] }
  >>,
  <<1, {}>>,
  <<2, {}>>,
  <<3, {}>> })
/\ proposalReceptionTime = SetAsFun({ <<<<0, "c1">>, -1>>,
  <<<<2, "c1">>, -1>>,
  <<<<1, "c1">>, -1>>,
  <<<<2, "c2">>, -1>>,
  <<<<1, "c2">>, -1>>,
  <<<<3, "c2">>, -1>>,
  <<<<0, "c2">>, -1>>,
  <<<<3, "c1">>, -1>> })
/\ realTime = 0
/\ round = SetAsFun({ <<"c1", 0>>, <<"c2", 0>> })
/\ step = SetAsFun({ <<"c1", "PROPOSE">>, <<"c2", "PROPOSE">> })
/\ validRound = SetAsFun({ <<"c1", -1>>, <<"c2", -1>> })
/\ validValue = SetAsFun({ <<"c1", <<"None", -1, -1>>>>, <<"c2", <<"None", -1, -1>>>> })

@!@!@ENDMSG 2217 @!@!@
@!@!@STARTMSG 2217:4 @!@!@
2: <Next>
/\ Proposer = SetAsFun({ <<0, "f4">>, <<1, "f4">>, <<2, "f4">>, <<3, "f4">> })
/\ action = "ReceiveProposal"
/\ beginRound = SetAsFun({ <<<<0, "c1">>, 3>>,
  <<<<2, "c1">>, 7>>,
  <<<<1, "c1">>, 7>>,
  <<<<2, "c2">>, 7>>,
  <<<<1, "c2">>, 7>>,
  <<<<3, "c2">>, 7>>,
  <<<<0, "c2">>, 2>>,
  <<<<3, "c1">>, 7>> })
/\ decision = SetAsFun({ <<"c1", <<<<"None", -1, -1>>, -1>>>>,
  <<"c2", <<<<"None", -1, -1>>, -1>>>> })
/\ evidence = {}
/\ localClock = SetAsFun({ <<"c1", 3>>, <<"c2", 2>> })
/\ lockedRound = SetAsFun({ <<"c1", -1>>, <<"c2", -1>> })
/\ lockedValue = SetAsFun({ <<"c1", "None">>, <<"c2", "None">> })
/\ msgsPrecommit = SetAsFun({ <<
    0, { [id |-> <<"v0", 3, 0>>,
        round |-> 0,
        src |-> "f3",
        type |-> "PRECOMMIT"],
      [id |-> <<"v0", 3, 0>>, round |-> 0, src |-> "f4", type |-> "PRECOMMIT"],
      [id |-> <<"v1", 2, 0>>, round |-> 0, src |-> "f3", type |-> "PRECOMMIT"],
      [id |-> <<"v1", 2, 0>>, round |-> 0, src |-> "f4", type |-> "PRECOMMIT"] }
  >>,
  <<1, {}>>,
  <<
    2, {[id |-> <<"v2", 3, 2>>, round |-> 2, src |-> "f3", type |-> "PRECOMMIT"]}
  >>,
  <<
    3, {[id |-> <<"v2", 7, 3>>, round |-> 3, src |-> "f4", type |-> "PRECOMMIT"]}
  >> })
/\ msgsPrevote = SetAsFun({ <<
    0, { [id |-> <<"v0", 3, 0>>, round |-> 0, src |-> "f3", type |-> "PREVOTE"],
      [id |-> <<"v0", 3, 0>>, round |-> 0, src |-> "f4", type |-> "PREVOTE"],
      [id |-> <<"v1", 2, 0>>, round |-> 0, src |-> "f3", type |-> "PREVOTE"],
      [id |-> <<"v1", 2, 0>>, round |-> 0, src |-> "f4", type |-> "PREVOTE"] }
  >>,
  <<1, {}>>,
  <<2, {}>>,
  <<3, {}>> })
/\ msgsPropose = SetAsFun({ <<
    0, { [proposal |-> <<"v0", 3, 0>>,
        round |-> 0,
        src |-> "f4",
        type |-> "PROPOSAL",
        validRound |-> 2],
      [proposal |-> <<"v1", 2, 0>>,
        round |-> 0,
        src |-> "f4",
        type |-> "PROPOSAL",
        validRound |-> -1] }
  >>,
  <<1, {}>>,
  <<2, {}>>,
  <<3, {}>> })
/\ proposalReceptionTime = SetAsFun({ <<<<0, "c1">>, -1>>,
  <<<<2, "c1">>, -1>>,
  <<<<1, "c1">>, -1>>,
  <<<<2, "c2">>, -1>>,
  <<<<1, "c2">>, -1>>,
  <<<<3, "c2">>, -1>>,
  <<<<0, "c2">>, 2>>,
  <<<<3, "c1">>, -1>> })
/\ realTime = 0
/\ round = SetAsFun({ <<"c1", 0>>, <<"c2", 0>> })
/\ step = SetAsFun({ <<"c1", "PROPOSE">>, <<"c2", "PROPOSE">> })
/\ validRound = SetAsFun({ <<"c1", -1>>, <<"c2", -1>> })
/\ validValue = SetAsFun({ <<"c1", <<"None", -1, -1>>>>, <<"c2", <<"None", -1, -1>>>> })

@!@!@ENDMSG 2217 @!@!@
@!@!@STARTMSG 2217:4 @!@!@
3: <Next>
/\ Proposer = SetAsFun({ <<0, "f4">>, <<1, "f4">>, <<2, "f4">>, <<3, "f4">> })
/\ action = "UponProposalInPropose"
/\ beginRound = SetAsFun({ <<<<0, "c1">>, 3>>,
  <<<<2, "c1">>, 7>>,
  <<<<1, "c1">>, 7>>,
  <<<<2, "c2">>, 7>>,
  <<<<1, "c2">>, 7>>,
  <<<<3, "c2">>, 7>>,
  <<<<0, "c2">>, 2>>,
  <<<<3, "c1">>, 7>> })
/\ decision = SetAsFun({ <<"c1", <<<<"None", -1, -1>>, -1>>>>,
  <<"c2", <<<<"None", -1, -1>>, -1>>>> })
/\ evidence = {[proposal |-> <<"v0", 3, 0>>,
  round |-> 0,
  src |-> "f4",
  type |-> "PROPOSAL",
  validRound |-> -1]}
/\ localClock = SetAsFun({ <<"c1", 3>>, <<"c2", 2>> })
/\ lockedRound = SetAsFun({ <<"c1", -1>>, <<"c2", -1>> })
/\ lockedValue = SetAsFun({ <<"c1", "None">>, <<"c2", "None">> })
/\ msgsPrecommit = SetAsFun({ <<
    0, { [id |-> <<"v0", 3, 0>>,
        round |-> 0,
        src |-> "f3",
        type |-> "PRECOMMIT"],
      [id |-> <<"v0", 3, 0>>, round |-> 0, src |-> "f4", type |-> "PRECOMMIT"],
      [id |-> <<"v1", 2, 0>>, round |-> 0, src |-> "f3", type |-> "PRECOMMIT"],
      [id |-> <<"v1", 2, 0>>, round |-> 0, src |-> "f4", type |-> "PRECOMMIT"] }
  >>,
  <<1, {}>>,
  <<
    2, {[id |-> <<"v2", 3, 2>>, round |-> 2, src |-> "f3", type |-> "PRECOMMIT"]}
  >>,
  <<
    3, {[id |-> <<"v2", 7, 3>>, round |-> 3, src |-> "f4", type |-> "PRECOMMIT"]}
  >> })
/\ msgsPrevote = SetAsFun({ <<
    0, { [id |-> <<"v0", 3, 0>>, round |-> 0, src |-> "c2", type |-> "PREVOTE"],
      [id |-> <<"v0", 3, 0>>, round |-> 0, src |-> "f3", type |-> "PREVOTE"],
      [id |-> <<"v0", 3, 0>>, round |-> 0, src |-> "f4", type |-> "PREVOTE"],
      [id |-> <<"v1", 2, 0>>, round |-> 0, src |-> "f3", type |-> "PREVOTE"],
      [id |-> <<"v1", 2, 0>>, round |-> 0, src |-> "f4", type |-> "PREVOTE"] }
  >>,
  <<1, {}>>,
  <<2, {}>>,
  <<3, {}>> })
/\ msgsPropose = SetAsFun({ <<
    0, { [proposal |-> <<"v0", 3, 0>>,
        round |-> 0,
        src |-> "f4",
        type |-> "PROPOSAL",
        validRound |-> 2],
      [proposal |-> <<"v1", 2, 0>>,
        round |-> 0,
        src |-> "f4",
        type |-> "PROPOSAL",
        validRound |-> -1] }
  >>,
  <<1, {}>>,
  <<2, {}>>,
  <<3, {}>> })
/\ proposalReceptionTime = SetAsFun({ <<<<0, "c1">>, -1>>,
  <<<<2, "c1">>, -1>>,
  <<<<1, "c1">>, -1>>,
  <<<<2, "c2">>, -1>>,
  <<<<1, "c2">>, -1>>,
  <<<<3, "c2">>, -1>>,
  <<<<0, "c2">>, 2>>,
  <<<<3, "c1">>, -1>> })
/\ realTime = 0
/\ round = SetAsFun({ <<"c1", 0>>, <<"c2", 0>> })
/\ step = SetAsFun({ <<"c1", "PROPOSE">>, <<"c2", "PREVOTE">> })
/\ validRound = SetAsFun({ <<"c1", -1>>, <<"c2", -1>> })
/\ validValue = SetAsFun({ <<"c1", <<"None", -1, -1>>>>, <<"c2", <<"None", -1, -1>>>> })

@!@!@ENDMSG 2217 @!@!@
@!@!@STARTMSG 2217:4 @!@!@
4: <Next>
/\ Proposer = SetAsFun({ <<0, "f4">>, <<1, "f4">>, <<2, "f4">>, <<3, "f4">> })
/\ action = "ReceiveProposal"
/\ beginRound = SetAsFun({ <<<<0, "c1">>, 3>>,
  <<<<2, "c1">>, 7>>,
  <<<<1, "c1">>, 7>>,
  <<<<2, "c2">>, 7>>,
  <<<<1, "c2">>, 7>>,
  <<<<3, "c2">>, 7>>,
  <<<<0, "c2">>, 2>>,
  <<<<3, "c1">>, 7>> })
/\ decision = SetAsFun({ <<"c1", <<<<"None", -1, -1>>, -1>>>>,
  <<"c2", <<<<"None", -1, -1>>, -1>>>> })
/\ evidence = {[proposal |-> <<"v0", 3, 0>>,
  round |-> 0,
  src |-> "f4",
  type |-> "PROPOSAL",
  validRound |-> -1]}
/\ localClock = SetAsFun({ <<"c1", 3>>, <<"c2", 2>> })
/\ lockedRound = SetAsFun({ <<"c1", -1>>, <<"c2", -1>> })
/\ lockedValue = SetAsFun({ <<"c1", "None">>, <<"c2", "None">> })
/\ msgsPrecommit = SetAsFun({ <<
    0, { [id |-> <<"v0", 3, 0>>,
        round |-> 0,
        src |-> "f3",
        type |-> "PRECOMMIT"],
      [id |-> <<"v0", 3, 0>>, round |-> 0, src |-> "f4", type |-> "PRECOMMIT"],
      [id |-> <<"v1", 2, 0>>, round |-> 0, src |-> "f3", type |-> "PRECOMMIT"],
      [id |-> <<"v1", 2, 0>>, round |-> 0, src |-> "f4", type |-> "PRECOMMIT"] }
  >>,
  <<1, {}>>,
  <<
    2, {[id |-> <<"v2", 3, 2>>, round |-> 2, src |-> "f3", type |-> "PRECOMMIT"]}
  >>,
  <<
    3, {[id |-> <<"v2", 7, 3>>, round |-> 3, src |-> "f4", type |-> "PRECOMMIT"]}
  >> })
/\ msgsPrevote = SetAsFun({ <<
    0, { [id |-> <<"v0", 3, 0>>, round |-> 0, src |-> "c2", type |-> "PREVOTE"],
      [id |-> <<"v0", 3, 0>>, round |-> 0, src |-> "f3", type |-> "PREVOTE"],
      [id |-> <<"v0", 3, 0>>, round |-> 0, src |-> "f4", type |-> "PREVOTE"],
      [id |-> <<"v1", 2, 0>>, round |-> 0, src |-> "f3", type |-> "PREVOTE"],
      [id |-> <<"v1", 2, 0>>, round |-> 0, src |-> "f4", type |-> "PREVOTE"] }
  >>,
  <<1, {}>>,
  <<2, {}>>,
  <<3, {}>> })
/\ msgsPropose = SetAsFun({ <<
    0, { [proposal |-> <<"v0", 3, 0>>,
        round |-> 0,
        src |-> "f4",
        type |-> "PROPOSAL",
        validRound |-> 2],
      [proposal |-> <<"v1", 2, 0>>,
        round |-> 0,
        src |-> "f4",
        type |-> "PROPOSAL",
        validRound |-> -1] }
  >>,
  <<1, {}>>,
  <<2, {}>>,
  <<3, {}>> })
/\ proposalReceptionTime = SetAsFun({ <<<<0, "c1">>, 3>>,
  <<<<2, "c1">>, -1>>,
  <<<<1, "c1">>, -1>>,
  <<<<2, "c2">>, -1>>,
  <<<<1, "c2">>, -1>>,
  <<<<3, "c2">>, -1>>,
  <<<<0, "c2">>, 2>>,
  <<<<3, "c1">>, -1>> })
/\ realTime = 0
/\ round = SetAsFun({ <<"c1", 0>>, <<"c2", 0>> })
/\ step = SetAsFun({ <<"c1", "PROPOSE">>, <<"c2", "PREVOTE">> })
/\ validRound = SetAsFun({ <<"c1", -1>>, <<"c2", -1>> })
/\ validValue = SetAsFun({ <<"c1", <<"None", -1, -1>>>>, <<"c2", <<"None", -1, -1>>>> })

@!@!@ENDMSG 2217 @!@!@
@!@!@STARTMSG 2217:4 @!@!@
5: <Next>
/\ Proposer = SetAsFun({ <<0, "f4">>, <<1, "f4">>, <<2, "f4">>, <<3, "f4">> })
/\ action = "UponProposalInPrevoteOrCommitAndPrevote"
/\ beginRound = SetAsFun({ <<<<0, "c1">>, 3>>,
  <<<<2, "c1">>, 7>>,
  <<<<1, "c1">>, 7>>,
  <<<<2, "c2">>, 7>>,
  <<<<1, "c2">>, 7>>,
  <<<<3, "c2">>, 7>>,
  <<<<0, "c2">>, 2>>,
  <<<<3, "c1">>, 7>> })
/\ decision = SetAsFun({ <<"c1", <<<<"None", -1, -1>>, -1>>>>,
  <<"c2", <<<<"None", -1, -1>>, -1>>>> })
/\ evidence = { [id |-> <<"v0", 3, 0>>, round |-> 0, src |-> "c2", type |-> "PREVOTE"],
  [id |-> <<"v0", 3, 0>>, round |-> 0, src |-> "f3", type |-> "PREVOTE"],
  [id |-> <<"v0", 3, 0>>, round |-> 0, src |-> "f4", type |-> "PREVOTE"],
  [proposal |-> <<"v0", 3, 0>>,
    round |-> 0,
    src |-> "f4",
    type |-> "PROPOSAL",
    validRound |-> -1],
  [proposal |-> <<"v0", 3, 0>>,
    round |-> 0,
    src |-> "f4",
    type |-> "PROPOSAL",
    validRound |-> 2] }
/\ localClock = SetAsFun({ <<"c1", 3>>, <<"c2", 2>> })
/\ lockedRound = SetAsFun({ <<"c1", -1>>, <<"c2", 0>> })
/\ lockedValue = SetAsFun({ <<"c1", "None">>, <<"c2", "v0">> })
/\ msgsPrecommit = SetAsFun({ <<
    0, { [id |-> <<"v0", 3, 0>>,
        round |-> 0,
        src |-> "c2",
        type |-> "PRECOMMIT"],
      [id |-> <<"v0", 3, 0>>, round |-> 0, src |-> "f3", type |-> "PRECOMMIT"],
      [id |-> <<"v0", 3, 0>>, round |-> 0, src |-> "f4", type |-> "PRECOMMIT"],
      [id |-> <<"v1", 2, 0>>, round |-> 0, src |-> "f3", type |-> "PRECOMMIT"],
      [id |-> <<"v1", 2, 0>>, round |-> 0, src |-> "f4", type |-> "PRECOMMIT"] }
  >>,
  <<1, {}>>,
  <<
    2, {[id |-> <<"v2", 3, 2>>, round |-> 2, src |-> "f3", type |-> "PRECOMMIT"]}
  >>,
  <<
    3, {[id |-> <<"v2", 7, 3>>, round |-> 3, src |-> "f4", type |-> "PRECOMMIT"]}
  >> })
/\ msgsPrevote = SetAsFun({ <<
    0, { [id |-> <<"v0", 3, 0>>, round |-> 0, src |-> "c2", type |-> "PREVOTE"],
      [id |-> <<"v0", 3, 0>>, round |-> 0, src |-> "f3", type |-> "PREVOTE"],
      [id |-> <<"v0", 3, 0>>, round |-> 0, src |-> "f4", type |-> "PREVOTE"],
      [id |-> <<"v1", 2, 0>>, round |-> 0, src |-> "f3", type |-> "PREVOTE"],
      [id |-> <<"v1", 2, 0>>, round |-> 0, src |-> "f4", type |-> "PREVOTE"] }
  >>,
  <<1, {}>>,
  <<2, {}>>,
  <<3, {}>> })
/\ msgsPropose = SetAsFun({ <<
    0, { [proposal |-> <<"v0", 3, 0>>,
        round |-> 0,
        src |-> "f4",
        type |-> "PROPOSAL",
        validRound |-> 2],
      [proposal |-> <<"v1", 2, 0>>,
        round |-> 0,
        src |-> "f4",
        type |-> "PROPOSAL",
        validRound |-> -1] }
  >>,
  <<1, {}>>,
  <<2, {}>>,
  <<3, {}>> })
/\ proposalReceptionTime = SetAsFun({ <<<<0, "c1">>, 3>>,
  <<<<2, "c1">>, -1>>,
  <<<<1, "c1">>, -1>>,
  <<<<2, "c2">>, -1>>,
  <<<<1, "c2">>, -1>>,
  <<<<3, "c2">>, -1>>,
  <<<<0, "c2">>, 2>>,
  <<<<3, "c1">>, -1>> })
/\ realTime = 0
/\ round = SetAsFun({ <<"c1", 0>>, <<"c2", 0>> })
/\ step = SetAsFun({ <<"c1", "PROPOSE">>, <<"c2", "PRECOMMIT">> })
/\ validRound = SetAsFun({ <<"c1", -1>>, <<"c2", 0>> })
/\ validValue = SetAsFun({ <<"c1", <<"None", -1, -1>>>>, <<"c2", <<"v0", 3, 0>>>> })

@!@!@ENDMSG 2217 @!@!@
@!@!@STARTMSG 2217:4 @!@!@
6: <Next>
/\ Proposer = SetAsFun({ <<0, "f4">>, <<1, "f4">>, <<2, "f4">>, <<3, "f4">> })
/\ action = "UponProposalInPropose"
/\ beginRound = SetAsFun({ <<<<0, "c1">>, 3>>,
  <<<<2, "c1">>, 7>>,
  <<<<1, "c1">>, 7>>,
  <<<<2, "c2">>, 7>>,
  <<<<1, "c2">>, 7>>,
  <<<<3, "c2">>, 7>>,
  <<<<0, "c2">>, 2>>,
  <<<<3, "c1">>, 7>> })
/\ decision = SetAsFun({ <<"c1", <<<<"None", -1, -1>>, -1>>>>,
  <<"c2", <<<<"None", -1, -1>>, -1>>>> })
/\ evidence = { [id |-> <<"v0", 3, 0>>, round |-> 0, src |-> "c2", type |-> "PREVOTE"],
  [id |-> <<"v0", 3, 0>>, round |-> 0, src |-> "f3", type |-> "PREVOTE"],
  [id |-> <<"v0", 3, 0>>, round |-> 0, src |-> "f4", type |-> "PREVOTE"],
  [proposal |-> <<"v0", 3, 0>>,
    round |-> 0,
    src |-> "f4",
    type |-> "PROPOSAL",
    validRound |-> -1],
  [proposal |-> <<"v0", 3, 0>>,
    round |-> 0,
    src |-> "f4",
    type |-> "PROPOSAL",
    validRound |-> 2],
  [proposal |-> <<"v1", 2, 0>>,
    round |-> 0,
    src |-> "f4",
    type |-> "PROPOSAL",
    validRound |-> -1] }
/\ localClock = SetAsFun({ <<"c1", 3>>, <<"c2", 2>> })
/\ lockedRound = SetAsFun({ <<"c1", -1>>, <<"c2", 0>> })
/\ lockedValue = SetAsFun({ <<"c1", "None">>, <<"c2", "v0">> })
/\ msgsPrecommit = SetAsFun({ <<
    0, { [id |-> <<"v0", 3, 0>>,
        round |-> 0,
        src |-> "c2",
        type |-> "PRECOMMIT"],
      [id |-> <<"v0", 3, 0>>, round |-> 0, src |-> "f3", type |-> "PRECOMMIT"],
      [id |-> <<"v0", 3, 0>>, round |-> 0, src |-> "f4", type |-> "PRECOMMIT"],
      [id |-> <<"v1", 2, 0>>, round |-> 0, src |-> "f3", type |-> "PRECOMMIT"],
      [id |-> <<"v1", 2, 0>>, round |-> 0, src |-> "f4", type |-> "PRECOMMIT"] }
  >>,
  <<1, {}>>,
  <<
    2, {[id |-> <<"v2", 3, 2>>, round |-> 2, src |-> "f3", type |-> "PRECOMMIT"]}
  >>,
  <<
    3, {[id |-> <<"v2", 7, 3>>, round |-> 3, src |-> "f4", type |-> "PRECOMMIT"]}
  >> })
/\ msgsPrevote = SetAsFun({ <<
    0, { [id |-> <<"v0", 3, 0>>, round |-> 0, src |-> "c2", type |-> "PREVOTE"],
      [id |-> <<"v0", 3, 0>>, round |-> 0, src |-> "f3", type |-> "PREVOTE"],
      [id |-> <<"v0", 3, 0>>, round |-> 0, src |-> "f4", type |-> "PREVOTE"],
      [id |-> <<"v1", 2, 0>>, round |-> 0, src |-> "c1", type |-> "PREVOTE"],
      [id |-> <<"v1", 2, 0>>, round |-> 0, src |-> "f3", type |-> "PREVOTE"],
      [id |-> <<"v1", 2, 0>>, round |-> 0, src |-> "f4", type |-> "PREVOTE"] }
  >>,
  <<1, {}>>,
  <<2, {}>>,
  <<3, {}>> })
/\ msgsPropose = SetAsFun({ <<
    0, { [proposal |-> <<"v0", 3, 0>>,
        round |-> 0,
        src |-> "f4",
        type |-> "PROPOSAL",
        validRound |-> 2],
      [proposal |-> <<"v1", 2, 0>>,
        round |-> 0,
        src |-> "f4",
        type |-> "PROPOSAL",
        validRound |-> -1] }
  >>,
  <<1, {}>>,
  <<2, {}>>,
  <<3, {}>> })
/\ proposalReceptionTime = SetAsFun({ <<<<0, "c1">>, 3>>,
  <<<<2, "c1">>, -1>>,
  <<<<1, "c1">>, -1>>,
  <<<<2, "c2">>, -1>>,
  <<<<1, "c2">>, -1>>,
  <<<<3, "c2">>, -1>>,
  <<<<0, "c2">>, 2>>,
  <<<<3, "c1">>, -1>> })
/\ realTime = 0
/\ round = SetAsFun({ <<"c1", 0>>, <<"c2", 0>> })
/\ step = SetAsFun({ <<"c1", "PREVOTE">>, <<"c2", "PRECOMMIT">> })
/\ validRound = SetAsFun({ <<"c1", -1>>, <<"c2", 0>> })
/\ validValue = SetAsFun({ <<"c1", <<"None", -1, -1>>>>, <<"c2", <<"v0", 3, 0>>>> })

@!@!@ENDMSG 2217 @!@!@
@!@!@STARTMSG 2217:4 @!@!@
7: <Next>
/\ Proposer = SetAsFun({ <<0, "f4">>, <<1, "f4">>, <<2, "f4">>, <<3, "f4">> })
/\ action = "UponProposalInPrecommitNoDecision"
/\ beginRound = SetAsFun({ <<<<0, "c1">>, 3>>,
  <<<<2, "c1">>, 7>>,
  <<<<1, "c1">>, 7>>,
  <<<<2, "c2">>, 7>>,
  <<<<1, "c2">>, 7>>,
  <<<<3, "c2">>, 7>>,
  <<<<0, "c2">>, 2>>,
  <<<<3, "c1">>, 7>> })
/\ decision = SetAsFun({ <<"c1", <<<<"None", -1, -1>>, -1>>>>, <<"c2", <<<<"v0", 3, 0>>, 0>>>>
})
/\ evidence = { [id |-> <<"v0", 3, 0>>, round |-> 0, src |-> "c2", type |-> "PRECOMMIT"],
  [id |-> <<"v0", 3, 0>>, round |-> 0, src |-> "c2", type |-> "PREVOTE"],
  [id |-> <<"v0", 3, 0>>, round |-> 0, src |-> "f3", type |-> "PRECOMMIT"],
  [id |-> <<"v0", 3, 0>>, round |-> 0, src |-> "f3", type |-> "PREVOTE"],
  [id |-> <<"v0", 3, 0>>, round |-> 0, src |-> "f4", type |-> "PRECOMMIT"],
  [id |-> <<"v0", 3, 0>>, round |-> 0, src |-> "f4", type |-> "PREVOTE"],
  [proposal |-> <<"v0", 3, 0>>,
    round |-> 0,
    src |-> "f4",
    type |-> "PROPOSAL",
    validRound |-> -1],
  [proposal |-> <<"v0", 3, 0>>,
    round |-> 0,
    src |-> "f4",
    type |-> "PROPOSAL",
    validRound |-> 2],
  [proposal |-> <<"v1", 2, 0>>,
    round |-> 0,
    src |-> "f4",
    type |-> "PROPOSAL",
    validRound |-> -1] }
/\ localClock = SetAsFun({ <<"c1", 3>>, <<"c2", 2>> })
/\ lockedRound = SetAsFun({ <<"c1", -1>>, <<"c2", 0>> })
/\ lockedValue = SetAsFun({ <<"c1", "None">>, <<"c2", "v0">> })
/\ msgsPrecommit = SetAsFun({ <<
    0, { [id |-> <<"v0", 3, 0>>,
        round |-> 0,
        src |-> "c2",
        type |-> "PRECOMMIT"],
      [id |-> <<"v0", 3, 0>>, round |-> 0, src |-> "f3", type |-> "PRECOMMIT"],
      [id |-> <<"v0", 3, 0>>, round |-> 0, src |-> "f4", type |-> "PRECOMMIT"],
      [id |-> <<"v1", 2, 0>>, round |-> 0, src |-> "f3", type |-> "PRECOMMIT"],
      [id |-> <<"v1", 2, 0>>, round |-> 0, src |-> "f4", type |-> "PRECOMMIT"] }
  >>,
  <<1, {}>>,
  <<
    2, {[id |-> <<"v2", 3, 2>>, round |-> 2, src |-> "f3", type |-> "PRECOMMIT"]}
  >>,
  <<
    3, {[id |-> <<"v2", 7, 3>>, round |-> 3, src |-> "f4", type |-> "PRECOMMIT"]}
  >> })
/\ msgsPrevote = SetAsFun({ <<
    0, { [id |-> <<"v0", 3, 0>>, round |-> 0, src |-> "c2", type |-> "PREVOTE"],
      [id |-> <<"v0", 3, 0>>, round |-> 0, src |-> "f3", type |-> "PREVOTE"],
      [id |-> <<"v0", 3, 0>>, round |-> 0, src |-> "f4", type |-> "PREVOTE"],
      [id |-> <<"v1", 2, 0>>, round |-> 0, src |-> "c1", type |-> "PREVOTE"],
      [id |-> <<"v1", 2, 0>>, round |-> 0, src |-> "f3", type |-> "PREVOTE"],
      [id |-> <<"v1", 2, 0>>, round |-> 0, src |-> "f4", type |-> "PREVOTE"] }
  >>,
  <<1, {}>>,
  <<2, {}>>,
  <<3, {}>> })
/\ msgsPropose = SetAsFun({ <<
    0, { [proposal |-> <<"v0", 3, 0>>,
        round |-> 0,
        src |-> "f4",
        type |-> "PROPOSAL",
        validRound |-> 2],
      [proposal |-> <<"v1", 2, 0>>,
        round |-> 0,
        src |-> "f4",
        type |-> "PROPOSAL",
        validRound |-> -1] }
  >>,
  <<1, {}>>,
  <<2, {}>>,
  <<3, {}>> })
/\ proposalReceptionTime = SetAsFun({ <<<<0, "c1">>, 3>>,
  <<<<2, "c1">>, -1>>,
  <<<<1, "c1">>, -1>>,
  <<<<2, "c2">>, -1>>,
  <<<<1, "c2">>, -1>>,
  <<<<3, "c2">>, -1>>,
  <<<<0, "c2">>, 2>>,
  <<<<3, "c1">>, -1>> })
/\ realTime = 0
/\ round = SetAsFun({ <<"c1", 0>>, <<"c2", 0>> })
/\ step = SetAsFun({ <<"c1", "PREVOTE">>, <<"c2", "DECIDED">> })
/\ validRound = SetAsFun({ <<"c1", -1>>, <<"c2", 0>> })
/\ validValue = SetAsFun({ <<"c1", <<"None", -1, -1>>>>, <<"c2", <<"v0", 3, 0>>>> })

@!@!@ENDMSG 2217 @!@!@
@!@!@STARTMSG 2217:4 @!@!@
8: <Next>
/\ Proposer = SetAsFun({ <<0, "f4">>, <<1, "f4">>, <<2, "f4">>, <<3, "f4">> })
/\ action = "UponProposalInPrevoteOrCommitAndPrevote"
/\ beginRound = SetAsFun({ <<<<0, "c1">>, 3>>,
  <<<<2, "c1">>, 7>>,
  <<<<1, "c1">>, 7>>,
  <<<<2, "c2">>, 7>>,
  <<<<1, "c2">>, 7>>,
  <<<<3, "c2">>, 7>>,
  <<<<0, "c2">>, 2>>,
  <<<<3, "c1">>, 7>> })
/\ decision = SetAsFun({ <<"c1", <<<<"None", -1, -1>>, -1>>>>, <<"c2", <<<<"v0", 3, 0>>, 0>>>>
})
/\ evidence = { [id |-> <<"v0", 3, 0>>, round |-> 0, src |-> "c2", type |-> "PRECOMMIT"],
  [id |-> <<"v0", 3, 0>>, round |-> 0, src |-> "c2", type |-> "PREVOTE"],
  [id |-> <<"v0", 3, 0>>, round |-> 0, src |-> "f3", type |-> "PRECOMMIT"],
  [id |-> <<"v0", 3, 0>>, round |-> 0, src |-> "f3", type |-> "PREVOTE"],
  [id |-> <<"v0", 3, 0>>, round |-> 0, src |-> "f4", type |-> "PRECOMMIT"],
  [id |-> <<"v0", 3, 0>>, round |-> 0, src |-> "f4", type |-> "PREVOTE"],
  [id |-> <<"v1", 2, 0>>, round |-> 0, src |-> "c1", type |-> "PREVOTE"],
  [id |-> <<"v1", 2, 0>>, round |-> 0, src |-> "f3", type |-> "PREVOTE"],
  [id |-> <<"v1", 2, 0>>, round |-> 0, src |-> "f4", type |-> "PREVOTE"],
  [proposal |-> <<"v0", 3, 0>>,
    round |-> 0,
    src |-> "f4",
    type |-> "PROPOSAL",
    validRound |-> -1],
  [proposal |-> <<"v0", 3, 0>>,
    round |-> 0,
    src |-> "f4",
    type |-> "PROPOSAL",
    validRound |-> 2],
  [proposal |-> <<"v1", 2, 0>>,
    round |-> 0,
    src |-> "f4",
    type |-> "PROPOSAL",
    validRound |-> -1] }
/\ localClock = SetAsFun({ <<"c1", 3>>, <<"c2", 2>> })
/\ lockedRound = SetAsFun({ <<"c1", 0>>, <<"c2", 0>> })
/\ lockedValue = SetAsFun({ <<"c1", "v1">>, <<"c2", "v0">> })
/\ msgsPrecommit = SetAsFun({ <<
    0, { [id |-> <<"v0", 3, 0>>,
        round |-> 0,
        src |-> "c2",
        type |-> "PRECOMMIT"],
      [id |-> <<"v0", 3, 0>>, round |-> 0, src |-> "f3", type |-> "PRECOMMIT"],
      [id |-> <<"v0", 3, 0>>, round |-> 0, src |-> "f4", type |-> "PRECOMMIT"],
      [id |-> <<"v1", 2, 0>>, round |-> 0, src |-> "c1", type |-> "PRECOMMIT"],
      [id |-> <<"v1", 2, 0>>, round |-> 0, src |-> "f3", type |-> "PRECOMMIT"],
      [id |-> <<"v1", 2, 0>>, round |-> 0, src |-> "f4", type |-> "PRECOMMIT"] }
  >>,
  <<1, {}>>,
  <<
    2, {[id |-> <<"v2", 3, 2>>, round |-> 2, src |-> "f3", type |-> "PRECOMMIT"]}
  >>,
  <<
    3, {[id |-> <<"v2", 7, 3>>, round |-> 3, src |-> "f4", type |-> "PRECOMMIT"]}
  >> })
/\ msgsPrevote = SetAsFun({ <<
    0, { [id |-> <<"v0", 3, 0>>, round |-> 0, src |-> "c2", type |-> "PREVOTE"],
      [id |-> <<"v0", 3, 0>>, round |-> 0, src |-> "f3", type |-> "PREVOTE"],
      [id |-> <<"v0", 3, 0>>, round |-> 0, src |-> "f4", type |-> "PREVOTE"],
      [id |-> <<"v1", 2, 0>>, round |-> 0, src |-> "c1", type |-> "PREVOTE"],
      [id |-> <<"v1", 2, 0>>, round |-> 0, src |-> "f3", type |-> "PREVOTE"],
      [id |-> <<"v1", 2, 0>>, round |-> 0, src |-> "f4", type |-> "PREVOTE"] }
  >>,
  <<1, {}>>,
  <<2, {}>>,
  <<3, {}>> })
/\ msgsPropose = SetAsFun({ <<
    0, { [proposal |-> <<"v0", 3, 0>>,
        round |-> 0,
        src |-> "f4",
        type |-> "PROPOSAL",
        validRound |-> 2],
      [proposal |-> <<"v1", 2, 0>>,
        round |-> 0,
        src |-> "f4",
        type |-> "PROPOSAL",
        validRound |-> -1] }
  >>,
  <<1, {}>>,
  <<2, {}>>,
  <<3, {}>> })
/\ proposalReceptionTime = SetAsFun({ <<<<0, "c1">>, 3>>,
  <<<<2, "c1">>, -1>>,
  <<<<1, "c1">>, -1>>,
  <<<<2, "c2">>, -1>>,
  <<<<1, "c2">>, -1>>,
  <<<<3, "c2">>, -1>>,
  <<<<0, "c2">>, 2>>,
  <<<<3, "c1">>, -1>> })
/\ realTime = 0
/\ round = SetAsFun({ <<"c1", 0>>, <<"c2", 0>> })
/\ step = SetAsFun({ <<"c1", "PRECOMMIT">>, <<"c2", "DECIDED">> })
/\ validRound = SetAsFun({ <<"c1", 0>>, <<"c2", 0>> })
/\ validValue = SetAsFun({ <<"c1", <<"v1", 2, 0>>>>, <<"c2", <<"v0", 3, 0>>>> })

@!@!@ENDMSG 2217 @!@!@
@!@!@STARTMSG 2217:4 @!@!@
9: <Next>
/\ Proposer = SetAsFun({ <<0, "f4">>, <<1, "f4">>, <<2, "f4">>, <<3, "f4">> })
/\ action = "UponProposalInPrecommitNoDecision"
/\ beginRound = SetAsFun({ <<<<0, "c1">>, 3>>,
  <<<<2, "c1">>, 7>>,
  <<<<1, "c1">>, 7>>,
  <<<<2, "c2">>, 7>>,
  <<<<1, "c2">>, 7>>,
  <<<<3, "c2">>, 7>>,
  <<<<0, "c2">>, 2>>,
  <<<<3, "c1">>, 7>> })
/\ decision = SetAsFun({ <<"c1", <<<<"v1", 2, 0>>, 0>>>>, <<"c2", <<<<"v0", 3, 0>>, 0>>>> })
/\ evidence = { [id |-> <<"v0", 3, 0>>, round |-> 0, src |-> "c2", type |-> "PRECOMMIT"],
  [id |-> <<"v0", 3, 0>>, round |-> 0, src |-> "c2", type |-> "PREVOTE"],
  [id |-> <<"v0", 3, 0>>, round |-> 0, src |-> "f3", type |-> "PRECOMMIT"],
  [id |-> <<"v0", 3, 0>>, round |-> 0, src |-> "f3", type |-> "PREVOTE"],
  [id |-> <<"v0", 3, 0>>, round |-> 0, src |-> "f4", type |-> "PRECOMMIT"],
  [id |-> <<"v0", 3, 0>>, round |-> 0, src |-> "f4", type |-> "PREVOTE"],
  [id |-> <<"v1", 2, 0>>, round |-> 0, src |-> "c1", type |-> "PRECOMMIT"],
  [id |-> <<"v1", 2, 0>>, round |-> 0, src |-> "c1", type |-> "PREVOTE"],
  [id |-> <<"v1", 2, 0>>, round |-> 0, src |-> "f3", type |-> "PRECOMMIT"],
  [id |-> <<"v1", 2, 0>>, round |-> 0, src |-> "f3", type |-> "PREVOTE"],
  [id |-> <<"v1", 2, 0>>, round |-> 0, src |-> "f4", type |-> "PRECOMMIT"],
  [id |-> <<"v1", 2, 0>>, round |-> 0, src |-> "f4", type |-> "PREVOTE"],
  [proposal |-> <<"v0", 3, 0>>,
    round |-> 0,
    src |-> "f4",
    type |-> "PROPOSAL",
    validRound |-> -1],
  [proposal |-> <<"v0", 3, 0>>,
    round |-> 0,
    src |-> "f4",
    type |-> "PROPOSAL",
    validRound |-> 2],
  [proposal |-> <<"v1", 2, 0>>,
    round |-> 0,
    src |-> "f4",
    type |-> "PROPOSAL",
    validRound |-> -1] }
/\ localClock = SetAsFun({ <<"c1", 3>>, <<"c2", 2>> })
/\ lockedRound = SetAsFun({ <<"c1", 0>>, <<"c2", 0>> })
/\ lockedValue = SetAsFun({ <<"c1", "v1">>, <<"c2", "v0">> })
/\ msgsPrecommit = SetAsFun({ <<
    0, { [id |-> <<"v0", 3, 0>>,
        round |-> 0,
        src |-> "c2",
        type |-> "PRECOMMIT"],
      [id |-> <<"v0", 3, 0>>, round |-> 0, src |-> "f3", type |-> "PRECOMMIT"],
      [id |-> <<"v0", 3, 0>>, round |-> 0, src |-> "f4", type |-> "PRECOMMIT"],
      [id |-> <<"v1", 2, 0>>, round |-> 0, src |-> "c1", type |-> "PRECOMMIT"],
      [id |-> <<"v1", 2, 0>>, round |-> 0, src |-> "f3", type |-> "PRECOMMIT"],
      [id |-> <<"v1", 2, 0>>, round |-> 0, src |-> "f4", type |-> "PRECOMMIT"] }
  >>,
  <<1, {}>>,
  <<
    2, {[id |-> <<"v2", 3, 2>>, round |-> 2, src |-> "f3", type |-> "PRECOMMIT"]}
  >>,
  <<
    3, {[id |-> <<"v2", 7, 3>>, round |-> 3, src |-> "f4", type |-> "PRECOMMIT"]}
  >> })
/\ msgsPrevote = SetAsFun({ <<
    0, { [id |-> <<"v0", 3, 0>>, round |-> 0, src |-> "c2", type |-> "PREVOTE"],
      [id |-> <<"v0", 3, 0>>, round |-> 0, src |-> "f3", type |-> "PREVOTE"],
      [id |-> <<"v0", 3, 0>>, round |-> 0, src |-> "f4", type |-> "PREVOTE"],
      [id |-> <<"v1", 2, 0>>, round |-> 0, src |-> "c1", type |-> "PREVOTE"],
      [id |-> <<"v1", 2, 0>>, round |-> 0, src |-> "f3", type |-> "PREVOTE"],
      [id |-> <<"v1", 2, 0>>, round |-> 0, src |-> "f4", type |-> "PREVOTE"] }
  >>,
  <<1, {}>>,
  <<2, {}>>,
  <<3, {}>> })
/\ msgsPropose = SetAsFun({ <<
    0, { [proposal |-> <<"v0", 3, 0>>,
        round |-> 0,
        src |-> "f4",
        type |-> "PROPOSAL",
        validRound |-> 2],
      [proposal |-> <<"v1", 2, 0>>,
        round |-> 0,
        src |-> "f4",
        type |-> "PROPOSAL",
        validRound |-> -1] }
  >>,
  <<1, {}>>,
  <<2, {}>>,
  <<3, {}>> })
/\ proposalReceptionTime = SetAsFun({ <<<<0, "c1">>, 3>>,
  <<<<2, "c1">>, -1>>,
  <<<<1, "c1">>, -1>>,
  <<<<2, "c2">>, -1>>,
  <<<<1, "c2">>, -1>>,
  <<<<3, "c2">>, -1>>,
  <<<<0, "c2">>, 2>>,
  <<<<3, "c1">>, -1>> })
/\ realTime = 0
/\ round = SetAsFun({ <<"c1", 0>>, <<"c2", 0>> })
/\ step = SetAsFun({ <<"c1", "DECIDED">>, <<"c2", "DECIDED">> })
/\ validRound = SetAsFun({ <<"c1", 0>>, <<"c2", 0>> })
/\ validValue = SetAsFun({ <<"c1", <<"v1", 2, 0>>>>, <<"c2", <<"v0", 3, 0>>>> })

@!@!@ENDMSG 2217 @!@!@
